<?xml version="1.0" encoding="UTF-8"?>
<coverage generated="1773833994839" clover="3.2.0">
  <project timestamp="1773833994839" name="All files">
    <metrics statements="98" coveredstatements="85" conditionals="61" coveredconditionals="49" methods="25" coveredmethods="22" elements="184" coveredelements="156" complexity="0" loc="98" ncloc="98" packages="5" files="5" classes="5"/>
    <package name="application.use-cases">
      <metrics statements="17" coveredstatements="13" conditionals="14" coveredconditionals="9" methods="6" coveredmethods="5"/>
      <file name="SearchPostalCode.ts" path="/Users/damarkuncoro/SATU RAYA INTEGRASI/@damarkuncoro/posindonesia/src/application/use-cases/SearchPostalCode.ts">
        <metrics statements="17" coveredstatements="13" conditionals="14" coveredconditionals="9" methods="6" coveredmethods="5"/>
        <line num="3" count="1" type="stmt"/>
        <line num="8" count="1" type="stmt"/>
        <line num="9" count="4" type="stmt"/>
        <line num="15" count="5" type="cond" truecount="4" falsecount="0"/>
        <line num="16" count="2" type="stmt"/>
        <line num="19" count="3" type="stmt"/>
        <line num="20" count="6" type="stmt"/>
        <line num="21" count="6" type="stmt"/>
        <line num="23" count="3" type="cond" truecount="2" falsecount="0"/>
        <line num="24" count="2" type="stmt"/>
        <line num="27" count="1" type="stmt"/>
        <line num="34" count="1" type="cond" truecount="3" falsecount="1"/>
        <line num="35" count="0" type="stmt"/>
        <line num="38" count="1" type="stmt"/>
        <line num="45" count="0" type="cond" truecount="0" falsecount="4"/>
        <line num="46" count="0" type="stmt"/>
        <line num="49" count="0" type="stmt"/>
      </file>
    </package>
    <package name="domain.errors">
      <metrics statements="22" coveredstatements="15" conditionals="0" coveredconditionals="0" methods="5" coveredmethods="3"/>
      <file name="PostalCodeError.ts" path="/Users/damarkuncoro/SATU RAYA INTEGRASI/@damarkuncoro/posindonesia/src/domain/errors/PostalCodeError.ts">
        <metrics statements="22" coveredstatements="15" conditionals="0" coveredconditionals="0" methods="5" coveredmethods="3"/>
        <line num="4" count="2" type="stmt"/>
        <line num="5" count="8" type="stmt"/>
        <line num="6" count="8" type="stmt"/>
        <line num="7" count="8" type="stmt"/>
        <line num="8" count="8" type="stmt"/>
        <line num="15" count="2" type="stmt"/>
        <line num="17" count="4" type="stmt"/>
        <line num="18" count="4" type="stmt"/>
        <line num="19" count="4" type="stmt"/>
        <line num="26" count="2" type="stmt"/>
        <line num="27" count="0" type="stmt"/>
        <line num="28" count="0" type="stmt"/>
        <line num="29" count="0" type="stmt"/>
        <line num="30" count="0" type="stmt"/>
        <line num="37" count="2" type="stmt"/>
        <line num="39" count="4" type="stmt"/>
        <line num="40" count="4" type="stmt"/>
        <line num="41" count="4" type="stmt"/>
        <line num="48" count="2" type="stmt"/>
        <line num="50" count="0" type="stmt"/>
        <line num="51" count="0" type="stmt"/>
        <line num="52" count="0" type="stmt"/>
      </file>
    </package>
    <package name="domain.models">
      <metrics statements="24" coveredstatements="24" conditionals="17" coveredconditionals="16" methods="9" coveredmethods="9"/>
      <file name="PostalCode.ts" path="/Users/damarkuncoro/SATU RAYA INTEGRASI/@damarkuncoro/posindonesia/src/domain/models/PostalCode.ts">
        <metrics statements="24" coveredstatements="24" conditionals="17" coveredconditionals="16" methods="9" coveredmethods="9"/>
        <line num="10" count="2" type="stmt"/>
        <line num="22" count="8" type="stmt"/>
        <line num="23" count="8" type="stmt"/>
        <line num="24" count="8" type="stmt"/>
        <line num="25" count="8" type="stmt"/>
        <line num="26" count="8" type="stmt"/>
        <line num="27" count="8" type="stmt"/>
        <line num="28" count="8" type="stmt"/>
        <line num="29" count="8" type="stmt"/>
        <line num="30" count="8" type="stmt"/>
        <line num="32" count="8" type="stmt"/>
        <line num="36" count="8" type="cond" truecount="4" falsecount="0"/>
        <line num="37" count="1" type="stmt"/>
        <line num="39" count="7" type="cond" truecount="6" falsecount="0"/>
        <line num="40" count="1" type="stmt"/>
        <line num="48" count="5" type="cond" truecount="1" falsecount="1"/>
        <line num="49" count="5" type="stmt"/>
        <line num="50" count="6" type="stmt"/>
        <line num="57" count="4" type="stmt"/>
        <line num="58" count="4" type="stmt"/>
        <line num="71" count="5" type="stmt"/>
        <line num="78" count="4" type="stmt"/>
        <line num="85" count="1" type="stmt"/>
        <line num="92" count="10" type="stmt"/>
      </file>
    </package>
    <package name="domain.services">
      <metrics statements="16" coveredstatements="15" conditionals="18" coveredconditionals="15" methods="3" coveredmethods="3"/>
      <file name="PostalCodeMatcher.ts" path="/Users/damarkuncoro/SATU RAYA INTEGRASI/@damarkuncoro/posindonesia/src/domain/services/PostalCodeMatcher.ts">
        <metrics statements="16" coveredstatements="15" conditionals="18" coveredconditionals="15" methods="3" coveredmethods="3"/>
        <line num="1" count="1" type="stmt"/>
        <line num="7" count="1" type="stmt"/>
        <line num="16" count="5" type="cond" truecount="4" falsecount="0"/>
        <line num="19" count="4" type="stmt"/>
        <line num="20" count="10" type="cond" truecount="2" falsecount="0"/>
        <line num="23" count="4" type="cond" truecount="2" falsecount="0"/>
        <line num="26" count="3" type="stmt"/>
        <line num="35" count="3" type="stmt"/>
        <line num="36" count="3" type="stmt"/>
        <line num="38" count="3" type="cond" truecount="2" falsecount="0"/>
        <line num="39" count="2" type="stmt"/>
        <line num="43" count="1" type="stmt"/>
        <line num="44" count="1" type="cond" truecount="1" falsecount="1"/>
        <line num="45" count="0" type="stmt"/>
        <line num="49" count="1" type="cond" truecount="2" falsecount="0"/>
        <line num="50" count="3" type="cond" truecount="2" falsecount="2"/>
      </file>
    </package>
    <package name="infrastructure.parsers">
      <metrics statements="19" coveredstatements="18" conditionals="12" coveredconditionals="9" methods="2" coveredmethods="2"/>
      <file name="HtmlParser.ts" path="/Users/damarkuncoro/SATU RAYA INTEGRASI/@damarkuncoro/posindonesia/src/infrastructure/parsers/HtmlParser.ts">
        <metrics statements="19" coveredstatements="18" conditionals="12" coveredconditionals="9" methods="2" coveredmethods="2"/>
        <line num="1" count="1" type="stmt"/>
        <line num="2" count="1" type="stmt"/>
        <line num="16" count="1" type="stmt"/>
        <line num="17" count="7" type="cond" truecount="2" falsecount="0"/>
        <line num="18" count="2" type="stmt"/>
        <line num="21" count="5" type="stmt"/>
        <line num="22" count="5" type="stmt"/>
        <line num="23" count="5" type="stmt"/>
        <line num="26" count="5" type="stmt"/>
        <line num="27" count="5" type="cond" truecount="4" falsecount="0"/>
        <line num="28" count="2" type="stmt"/>
        <line num="31" count="3" type="stmt"/>
        <line num="33" count="3" type="stmt"/>
        <line num="34" count="3" type="stmt"/>
        <line num="35" count="3" type="cond" truecount="2" falsecount="0"/>
        <line num="36" count="2" type="stmt"/>
        <line num="47" count="3" type="stmt"/>
        <line num="49" count="2" type="cond" truecount="1" falsecount="1"/>
        <line num="50" count="0" type="cond" truecount="0" falsecount="2"/>
      </file>
    </package>
  </project>
</coverage>
