{"/Users/damarkuncoro/SATU RAYA INTEGRASI/@damarkuncoro/posindonesia/src/application/use-cases/SearchPostalCode.ts": {"path":"/Users/damarkuncoro/SATU RAYA INTEGRASI/@damarkuncoro/posindonesia/src/application/use-cases/SearchPostalCode.ts","statementMap":{"0":{"start":{"line":3,"column":0},"end":{"line":3,"column":73}},"1":{"start":{"line":9,"column":31},"end":{"line":9,"column":66}},"2":{"start":{"line":15,"column":4},"end":{"line":17,"column":5}},"3":{"start":{"line":16,"column":6},"end":{"line":16,"column":79}},"4":{"start":{"line":19,"column":26},"end":{"line":21,"column":32}},"5":{"start":{"line":20,"column":16},"end":{"line":20,"column":24}},"6":{"start":{"line":21,"column":19},"end":{"line":21,"column":31}},"7":{"start":{"line":23,"column":4},"end":{"line":25,"column":5}},"8":{"start":{"line":24,"column":6},"end":{"line":24,"column":75}},"9":{"start":{"line":27,"column":4},"end":{"line":27,"column":71}},"10":{"start":{"line":34,"column":4},"end":{"line":36,"column":5}},"11":{"start":{"line":35,"column":6},"end":{"line":35,"column":65}},"12":{"start":{"line":38,"column":4},"end":{"line":38,"column":65}},"13":{"start":{"line":45,"column":4},"end":{"line":47,"column":5}},"14":{"start":{"line":46,"column":6},"end":{"line":46,"column":85}},"15":{"start":{"line":49,"column":4},"end":{"line":49,"column":62}},"16":{"start":{"line":8,"column":0},"end":{"line":8,"column":13}}},"fnMap":{"0":{"name":"(anonymous_0)","decl":{"start":{"line":9,"column":2},"end":{"line":9,"column":31}},"loc":{"start":{"line":9,"column":66},"end":{"line":9,"column":70}}},"1":{"name":"(anonymous_1)","decl":{"start":{"line":14,"column":2},"end":{"line":14,"column":7}},"loc":{"start":{"line":14,"column":57},"end":{"line":28,"column":3}}},"2":{"name":"(anonymous_2)","decl":{"start":{"line":20,"column":11},"end":{"line":20,"column":12}},"loc":{"start":{"line":20,"column":16},"end":{"line":20,"column":24}}},"3":{"name":"(anonymous_3)","decl":{"start":{"line":21,"column":14},"end":{"line":21,"column":15}},"loc":{"start":{"line":21,"column":19},"end":{"line":21,"column":31}}},"4":{"name":"(anonymous_4)","decl":{"start":{"line":33,"column":2},"end":{"line":33,"column":7}},"loc":{"start":{"line":33,"column":57},"end":{"line":39,"column":3}}},"5":{"name":"(anonymous_5)","decl":{"start":{"line":44,"column":2},"end":{"line":44,"column":7}},"loc":{"start":{"line":44,"column":71},"end":{"line":50,"column":3}}}},"branchMap":{"0":{"loc":{"start":{"line":15,"column":4},"end":{"line":17,"column":5}},"type":"if","locations":[{"start":{"line":15,"column":4},"end":{"line":17,"column":5}},{"start":{},"end":{}}]},"1":{"loc":{"start":{"line":15,"column":8},"end":{"line":15,"column":42}},"type":"binary-expr","locations":[{"start":{"line":15,"column":8},"end":{"line":15,"column":17}},{"start":{"line":15,"column":21},"end":{"line":15,"column":42}}]},"2":{"loc":{"start":{"line":23,"column":4},"end":{"line":25,"column":5}},"type":"if","locations":[{"start":{"line":23,"column":4},"end":{"line":25,"column":5}},{"start":{},"end":{}}]},"3":{"loc":{"start":{"line":34,"column":4},"end":{"line":36,"column":5}},"type":"if","locations":[{"start":{"line":34,"column":4},"end":{"line":36,"column":5}},{"start":{},"end":{}}]},"4":{"loc":{"start":{"line":34,"column":8},"end":{"line":34,"column":41}},"type":"binary-expr","locations":[{"start":{"line":34,"column":8},"end":{"line":34,"column":13}},{"start":{"line":34,"column":17},"end":{"line":34,"column":41}}]},"5":{"loc":{"start":{"line":45,"column":4},"end":{"line":47,"column":5}},"type":"if","locations":[{"start":{"line":45,"column":4},"end":{"line":47,"column":5}},{"start":{},"end":{}}]},"6":{"loc":{"start":{"line":45,"column":8},"end":{"line":45,"column":51}},"type":"binary-expr","locations":[{"start":{"line":45,"column":8},"end":{"line":45,"column":15}},{"start":{"line":45,"column":19},"end":{"line":45,"column":51}}]}},"s":{"0":1,"1":4,"2":5,"3":2,"4":3,"5":6,"6":6,"7":3,"8":2,"9":1,"10":1,"11":0,"12":1,"13":0,"14":0,"15":0,"16":1},"f":{"0":4,"1":5,"2":6,"3":6,"4":1,"5":0},"b":{"0":[2,3],"1":[5,5],"2":[2,1],"3":[0,1],"4":[1,1],"5":[0,0],"6":[0,0]}}
,"/Users/damarkuncoro/SATU RAYA INTEGRASI/@damarkuncoro/posindonesia/src/domain/errors/PostalCodeError.ts": {"path":"/Users/damarkuncoro/SATU RAYA INTEGRASI/@damarkuncoro/posindonesia/src/domain/errors/PostalCodeError.ts","statementMap":{"0":{"start":{"line":6,"column":4},"end":{"line":6,"column":19}},"1":{"start":{"line":5,"column":47},"end":{"line":5,"column":59}},"2":{"start":{"line":7,"column":4},"end":{"line":7,"column":34}},"3":{"start":{"line":8,"column":4},"end":{"line":8,"column":59}},"4":{"start":{"line":4,"column":0},"end":{"line":4,"column":13}},"5":{"start":{"line":17,"column":4},"end":{"line":17,"column":39}},"6":{"start":{"line":18,"column":4},"end":{"line":18,"column":34}},"7":{"start":{"line":19,"column":4},"end":{"line":19,"column":59}},"8":{"start":{"line":15,"column":0},"end":{"line":15,"column":13}},"9":{"start":{"line":28,"column":4},"end":{"line":28,"column":36}},"10":{"start":{"line":27,"column":47},"end":{"line":27,"column":66}},"11":{"start":{"line":29,"column":4},"end":{"line":29,"column":31}},"12":{"start":{"line":30,"column":4},"end":{"line":30,"column":56}},"13":{"start":{"line":26,"column":0},"end":{"line":26,"column":13}},"14":{"start":{"line":39,"column":4},"end":{"line":39,"column":34}},"15":{"start":{"line":40,"column":4},"end":{"line":40,"column":29}},"16":{"start":{"line":41,"column":4},"end":{"line":41,"column":54}},"17":{"start":{"line":37,"column":0},"end":{"line":37,"column":13}},"18":{"start":{"line":50,"column":4},"end":{"line":50,"column":32}},"19":{"start":{"line":51,"column":4},"end":{"line":51,"column":32}},"20":{"start":{"line":52,"column":4},"end":{"line":52,"column":57}},"21":{"start":{"line":48,"column":0},"end":{"line":48,"column":13}}},"fnMap":{"0":{"name":"(anonymous_0)","decl":{"start":{"line":5,"column":2},"end":{"line":5,"column":14}},"loc":{"start":{"line":5,"column":59},"end":{"line":9,"column":3}}},"1":{"name":"(anonymous_1)","decl":{"start":{"line":16,"column":2},"end":{"line":16,"column":14}},"loc":{"start":{"line":16,"column":29},"end":{"line":20,"column":3}}},"2":{"name":"(anonymous_2)","decl":{"start":{"line":27,"column":2},"end":{"line":27,"column":14}},"loc":{"start":{"line":27,"column":66},"end":{"line":31,"column":3}}},"3":{"name":"(anonymous_3)","decl":{"start":{"line":38,"column":2},"end":{"line":38,"column":14}},"loc":{"start":{"line":38,"column":29},"end":{"line":42,"column":3}}},"4":{"name":"(anonymous_4)","decl":{"start":{"line":49,"column":2},"end":{"line":49,"column":14}},"loc":{"start":{"line":49,"column":29},"end":{"line":53,"column":3}}}},"branchMap":{},"s":{"0":8,"1":8,"2":8,"3":8,"4":2,"5":4,"6":4,"7":4,"8":2,"9":0,"10":0,"11":0,"12":0,"13":2,"14":4,"15":4,"16":4,"17":2,"18":0,"19":0,"20":0,"21":2},"f":{"0":8,"1":4,"2":0,"3":4,"4":0},"b":{}}
,"/Users/damarkuncoro/SATU RAYA INTEGRASI/@damarkuncoro/posindonesia/src/domain/models/PostalCode.ts": {"path":"/Users/damarkuncoro/SATU RAYA INTEGRASI/@damarkuncoro/posindonesia/src/domain/models/PostalCode.ts","statementMap":{"0":{"start":{"line":22,"column":4},"end":{"line":22,"column":38}},"1":{"start":{"line":23,"column":4},"end":{"line":23,"column":34}},"2":{"start":{"line":24,"column":4},"end":{"line":24,"column":42}},"3":{"start":{"line":25,"column":4},"end":{"line":25,"column":26}},"4":{"start":{"line":26,"column":4},"end":{"line":26,"column":34}},"5":{"start":{"line":27,"column":4},"end":{"line":27,"column":34}},"6":{"start":{"line":28,"column":4},"end":{"line":28,"column":42}},"7":{"start":{"line":29,"column":4},"end":{"line":29,"column":32}},"8":{"start":{"line":30,"column":4},"end":{"line":30,"column":40}},"9":{"start":{"line":32,"column":4},"end":{"line":32,"column":20}},"10":{"start":{"line":36,"column":4},"end":{"line":38,"column":5}},"11":{"start":{"line":37,"column":6},"end":{"line":37,"column":72}},"12":{"start":{"line":39,"column":4},"end":{"line":41,"column":5}},"13":{"start":{"line":40,"column":6},"end":{"line":40,"column":78}},"14":{"start":{"line":48,"column":4},"end":{"line":48,"column":43}},"15":{"start":{"line":48,"column":31},"end":{"line":48,"column":43}},"16":{"start":{"line":49,"column":25},"end":{"line":49,"column":122}},"17":{"start":{"line":50,"column":4},"end":{"line":50,"column":77}},"18":{"start":{"line":50,"column":34},"end":{"line":50,"column":75}},"19":{"start":{"line":57,"column":22},"end":{"line":57,"column":33}},"20":{"start":{"line":58,"column":4},"end":{"line":64,"column":6}},"21":{"start":{"line":71,"column":4},"end":{"line":71,"column":55}},"22":{"start":{"line":78,"column":4},"end":{"line":78,"column":55}},"23":{"start":{"line":85,"column":4},"end":{"line":85,"column":100}},"24":{"start":{"line":92,"column":4},"end":{"line":102,"column":6}},"25":{"start":{"line":10,"column":0},"end":{"line":10,"column":13}}},"fnMap":{"0":{"name":"(anonymous_0)","decl":{"start":{"line":21,"column":2},"end":{"line":21,"column":14}},"loc":{"start":{"line":21,"column":34},"end":{"line":33,"column":3}}},"1":{"name":"(anonymous_1)","decl":{"start":{"line":35,"column":10},"end":{"line":35,"column":18}},"loc":{"start":{"line":35,"column":18},"end":{"line":42,"column":3}}},"2":{"name":"(anonymous_2)","decl":{"start":{"line":47,"column":2},"end":{"line":47,"column":8}},"loc":{"start":{"line":47,"column":57},"end":{"line":51,"column":3}}},"3":{"name":"(anonymous_3)","decl":{"start":{"line":50,"column":26},"end":{"line":50,"column":30}},"loc":{"start":{"line":50,"column":34},"end":{"line":50,"column":75}}},"4":{"name":"(anonymous_4)","decl":{"start":{"line":56,"column":2},"end":{"line":56,"column":8}},"loc":{"start":{"line":56,"column":55},"end":{"line":65,"column":3}}},"5":{"name":"(anonymous_5)","decl":{"start":{"line":70,"column":2},"end":{"line":70,"column":9}},"loc":{"start":{"line":70,"column":28},"end":{"line":72,"column":3}}},"6":{"name":"(anonymous_6)","decl":{"start":{"line":77,"column":2},"end":{"line":77,"column":13}},"loc":{"start":{"line":77,"column":26},"end":{"line":79,"column":3}}},"7":{"name":"(anonymous_7)","decl":{"start":{"line":84,"column":2},"end":{"line":84,"column":10}},"loc":{"start":{"line":84,"column":10},"end":{"line":86,"column":3}}},"8":{"name":"(anonymous_8)","decl":{"start":{"line":91,"column":2},"end":{"line":91,"column":8}},"loc":{"start":{"line":91,"column":8},"end":{"line":103,"column":3}}}},"branchMap":{"0":{"loc":{"start":{"line":36,"column":4},"end":{"line":38,"column":5}},"type":"if","locations":[{"start":{"line":36,"column":4},"end":{"line":38,"column":5}},{"start":{},"end":{}}]},"1":{"loc":{"start":{"line":36,"column":8},"end":{"line":36,"column":60}},"type":"binary-expr","locations":[{"start":{"line":36,"column":8},"end":{"line":36,"column":24}},{"start":{"line":36,"column":28},"end":{"line":36,"column":60}}]},"2":{"loc":{"start":{"line":39,"column":4},"end":{"line":41,"column":5}},"type":"if","locations":[{"start":{"line":39,"column":4},"end":{"line":41,"column":5}},{"start":{},"end":{}}]},"3":{"loc":{"start":{"line":39,"column":8},"end":{"line":39,"column":71}},"type":"binary-expr","locations":[{"start":{"line":39,"column":8},"end":{"line":39,"column":22}},{"start":{"line":39,"column":26},"end":{"line":39,"column":36}},{"start":{"line":39,"column":40},"end":{"line":39,"column":54}},{"start":{"line":39,"column":58},"end":{"line":39,"column":71}}]},"4":{"loc":{"start":{"line":48,"column":4},"end":{"line":48,"column":43}},"type":"if","locations":[{"start":{"line":48,"column":4},"end":{"line":48,"column":43}},{"start":{},"end":{}}]},"5":{"loc":{"start":{"line":59,"column":6},"end":{"line":63,"column":37}},"type":"binary-expr","locations":[{"start":{"line":59,"column":6},"end":{"line":59,"column":35}},{"start":{"line":60,"column":6},"end":{"line":60,"column":36}},{"start":{"line":61,"column":6},"end":{"line":61,"column":37}},{"start":{"line":62,"column":6},"end":{"line":62,"column":33}},{"start":{"line":63,"column":6},"end":{"line":63,"column":37}}]}},"s":{"0":8,"1":8,"2":8,"3":8,"4":8,"5":8,"6":8,"7":8,"8":8,"9":8,"10":8,"11":1,"12":7,"13":1,"14":5,"15":0,"16":5,"17":5,"18":6,"19":4,"20":4,"21":5,"22":4,"23":1,"24":10,"25":2},"f":{"0":8,"1":8,"2":5,"3":6,"4":4,"5":5,"6":4,"7":1,"8":10},"b":{"0":[1,7],"1":[8,8],"2":[1,6],"3":[7,7,7,7],"4":[0,5],"5":[4,3,3,2,2]}}
,"/Users/damarkuncoro/SATU RAYA INTEGRASI/@damarkuncoro/posindonesia/src/domain/services/PostalCodeMatcher.ts": {"path":"/Users/damarkuncoro/SATU RAYA INTEGRASI/@damarkuncoro/posindonesia/src/domain/services/PostalCodeMatcher.ts","statementMap":{"0":{"start":{"line":1,"column":0},"end":{"line":1,"column":27}},"1":{"start":{"line":16,"column":4},"end":{"line":16,"column":54}},"2":{"start":{"line":16,"column":42},"end":{"line":16,"column":54}},"3":{"start":{"line":19,"column":23},"end":{"line":21,"column":null}},"4":{"start":{"line":20,"column":8},"end":{"line":21,"column":64}},"5":{"start":{"line":23,"column":4},"end":{"line":23,"column":38}},"6":{"start":{"line":23,"column":20},"end":{"line":23,"column":38}},"7":{"start":{"line":26,"column":24},"end":{"line":33,"column":6}},"8":{"start":{"line":35,"column":17},"end":{"line":35,"column":47}},"9":{"start":{"line":36,"column":23},"end":{"line":36,"column":68}},"10":{"start":{"line":38,"column":4},"end":{"line":40,"column":5}},"11":{"start":{"line":39,"column":8},"end":{"line":39,"column":36}},"12":{"start":{"line":43,"column":4},"end":{"line":43,"column":44}},"13":{"start":{"line":44,"column":4},"end":{"line":46,"column":5}},"14":{"start":{"line":45,"column":8},"end":{"line":45,"column":36}},"15":{"start":{"line":49,"column":4},"end":{"line":54,"column":20}},"16":{"start":{"line":50,"column":8},"end":{"line":53,"column":72}},"17":{"start":{"line":7,"column":0},"end":{"line":7,"column":13}}},"fnMap":{"0":{"name":"(anonymous_1)","decl":{"start":{"line":11,"column":2},"end":{"line":11,"column":8}},"loc":{"start":{"line":14,"column":24},"end":{"line":55,"column":3}}},"1":{"name":"(anonymous_2)","decl":{"start":{"line":19,"column":36},"end":{"line":19,"column":37}},"loc":{"start":{"line":20,"column":8},"end":{"line":21,"column":64}}},"2":{"name":"(anonymous_3)","decl":{"start":{"line":49,"column":24},"end":{"line":49,"column":25}},"loc":{"start":{"line":50,"column":8},"end":{"line":53,"column":72}}}},"branchMap":{"0":{"loc":{"start":{"line":16,"column":4},"end":{"line":16,"column":54}},"type":"if","locations":[{"start":{"line":16,"column":4},"end":{"line":16,"column":54}},{"start":{},"end":{}}]},"1":{"loc":{"start":{"line":16,"column":8},"end":{"line":16,"column":40}},"type":"binary-expr","locations":[{"start":{"line":16,"column":8},"end":{"line":16,"column":16}},{"start":{"line":16,"column":20},"end":{"line":16,"column":40}}]},"2":{"loc":{"start":{"line":20,"column":8},"end":{"line":21,"column":64}},"type":"binary-expr","locations":[{"start":{"line":20,"column":8},"end":{"line":20,"column":68}},{"start":{"line":21,"column":8},"end":{"line":21,"column":64}}]},"3":{"loc":{"start":{"line":23,"column":4},"end":{"line":23,"column":38}},"type":"if","locations":[{"start":{"line":23,"column":4},"end":{"line":23,"column":38}},{"start":{},"end":{}}]},"4":{"loc":{"start":{"line":38,"column":4},"end":{"line":40,"column":5}},"type":"if","locations":[{"start":{"line":38,"column":4},"end":{"line":40,"column":5}},{"start":{},"end":{}}]},"5":{"loc":{"start":{"line":44,"column":4},"end":{"line":46,"column":5}},"type":"if","locations":[{"start":{"line":44,"column":4},"end":{"line":46,"column":5}},{"start":{},"end":{}}]},"6":{"loc":{"start":{"line":49,"column":11},"end":{"line":54,"column":19}},"type":"binary-expr","locations":[{"start":{"line":49,"column":11},"end":{"line":53,"column":null}},{"start":{"line":54,"column":9},"end":{"line":54,"column":19}}]},"7":{"loc":{"start":{"line":50,"column":8},"end":{"line":53,"column":72}},"type":"binary-expr","locations":[{"start":{"line":50,"column":9},"end":{"line":50,"column":75}},{"start":{"line":51,"column":9},"end":{"line":51,"column":75}},{"start":{"line":52,"column":9},"end":{"line":52,"column":71}},{"start":{"line":53,"column":9},"end":{"line":53,"column":71}}]}},"s":{"0":1,"1":5,"2":1,"3":4,"4":10,"5":4,"6":1,"7":3,"8":3,"9":3,"10":3,"11":2,"12":1,"13":1,"14":0,"15":1,"16":3,"17":1},"f":{"0":5,"1":10,"2":3},"b":{"0":[1,4],"1":[5,5],"2":[10,1],"3":[1,3],"4":[2,1],"5":[0,1],"6":[1,1],"7":[3,3,0,0]}}
,"/Users/damarkuncoro/SATU RAYA INTEGRASI/@damarkuncoro/posindonesia/src/infrastructure/parsers/HtmlParser.ts": {"path":"/Users/damarkuncoro/SATU RAYA INTEGRASI/@damarkuncoro/posindonesia/src/infrastructure/parsers/HtmlParser.ts","statementMap":{"0":{"start":{"line":16,"column":0},"end":{"line":16,"column":16}},"1":{"start":{"line":1,"column":0},"end":{"line":1,"column":35}},"2":{"start":{"line":2,"column":0},"end":{"line":2,"column":68}},"3":{"start":{"line":17,"column":4},"end":{"line":19,"column":5}},"4":{"start":{"line":18,"column":8},"end":{"line":18,"column":64}},"5":{"start":{"line":21,"column":4},"end":{"line":51,"column":5}},"6":{"start":{"line":22,"column":18},"end":{"line":22,"column":36}},"7":{"start":{"line":23,"column":41},"end":{"line":23,"column":43}},"8":{"start":{"line":26,"column":25},"end":{"line":26,"column":55}},"9":{"start":{"line":27,"column":8},"end":{"line":29,"column":9}},"10":{"start":{"line":28,"column":12},"end":{"line":28,"column":91}},"11":{"start":{"line":31,"column":21},"end":{"line":31,"column":40}},"12":{"start":{"line":33,"column":8},"end":{"line":45,"column":11}},"13":{"start":{"line":34,"column":25},"end":{"line":34,"column":42}},"14":{"start":{"line":35,"column":12},"end":{"line":44,"column":13}},"15":{"start":{"line":36,"column":16},"end":{"line":43,"column":19}},"16":{"start":{"line":47,"column":8},"end":{"line":47,"column":23}},"17":{"start":{"line":49,"column":8},"end":{"line":49,"column":53}},"18":{"start":{"line":49,"column":41},"end":{"line":49,"column":53}},"19":{"start":{"line":50,"column":8},"end":{"line":50,"column":118}}},"fnMap":{"0":{"name":"parsePostalCodeTable","decl":{"start":{"line":16,"column":16},"end":{"line":16,"column":36}},"loc":{"start":{"line":16,"column":49},"end":{"line":52,"column":1}}},"1":{"name":"(anonymous_10)","decl":{"start":{"line":33,"column":18},"end":{"line":33,"column":19}},"loc":{"start":{"line":33,"column":30},"end":{"line":45,"column":9}}}},"branchMap":{"0":{"loc":{"start":{"line":17,"column":4},"end":{"line":19,"column":5}},"type":"if","locations":[{"start":{"line":17,"column":4},"end":{"line":19,"column":5}},{"start":{},"end":{}}]},"1":{"loc":{"start":{"line":27,"column":8},"end":{"line":29,"column":9}},"type":"if","locations":[{"start":{"line":27,"column":8},"end":{"line":29,"column":9}},{"start":{},"end":{}}]},"2":{"loc":{"start":{"line":27,"column":12},"end":{"line":27,"column":83}},"type":"binary-expr","locations":[{"start":{"line":27,"column":12},"end":{"line":27,"column":45}},{"start":{"line":27,"column":49},"end":{"line":27,"column":83}}]},"3":{"loc":{"start":{"line":35,"column":12},"end":{"line":44,"column":13}},"type":"if","locations":[{"start":{"line":35,"column":12},"end":{"line":44,"column":13}},{"start":{},"end":{}}]},"4":{"loc":{"start":{"line":49,"column":8},"end":{"line":49,"column":53}},"type":"if","locations":[{"start":{"line":49,"column":8},"end":{"line":49,"column":53}},{"start":{},"end":{}}]},"5":{"loc":{"start":{"line":50,"column":60},"end":{"line":50,"column":114}},"type":"cond-expr","locations":[{"start":{"line":50,"column":85},"end":{"line":50,"column":98}},{"start":{"line":50,"column":101},"end":{"line":50,"column":114}}]}},"s":{"0":1,"1":1,"2":1,"3":7,"4":2,"5":5,"6":5,"7":5,"8":5,"9":5,"10":2,"11":3,"12":3,"13":3,"14":3,"15":2,"16":3,"17":2,"18":2,"19":0},"f":{"0":7,"1":3},"b":{"0":[2,5],"1":[2,3],"2":[5,3],"3":[2,1],"4":[2,0],"5":[0,0]}}
}
