TN:
SF:src/application/use-cases/SearchPostalCode.ts
FN:9,(anonymous_0)
FN:14,(anonymous_1)
FN:20,(anonymous_2)
FN:21,(anonymous_3)
FN:33,(anonymous_4)
FN:44,(anonymous_5)
FNF:6
FNH:5
FNDA:4,(anonymous_0)
FNDA:5,(anonymous_1)
FNDA:6,(anonymous_2)
FNDA:6,(anonymous_3)
FNDA:1,(anonymous_4)
FNDA:0,(anonymous_5)
DA:3,1
DA:8,1
DA:9,4
DA:15,5
DA:16,2
DA:19,3
DA:20,6
DA:21,6
DA:23,3
DA:24,2
DA:27,1
DA:34,1
DA:35,0
DA:38,1
DA:45,0
DA:46,0
DA:49,0
LF:17
LH:13
BRDA:15,0,0,2
BRDA:15,0,1,3
BRDA:15,1,0,5
BRDA:15,1,1,5
BRDA:23,2,0,2
BRDA:23,2,1,1
BRDA:34,3,0,0
BRDA:34,3,1,1
BRDA:34,4,0,1
BRDA:34,4,1,1
BRDA:45,5,0,0
BRDA:45,5,1,0
BRDA:45,6,0,0
BRDA:45,6,1,0
BRF:14
BRH:9
end_of_record
TN:
SF:src/domain/errors/PostalCodeError.ts
FN:5,(anonymous_0)
FN:16,(anonymous_1)
FN:27,(anonymous_2)
FN:38,(anonymous_3)
FN:49,(anonymous_4)
FNF:5
FNH:3
FNDA:8,(anonymous_0)
FNDA:4,(anonymous_1)
FNDA:0,(anonymous_2)
FNDA:4,(anonymous_3)
FNDA:0,(anonymous_4)
DA:4,2
DA:5,8
DA:6,8
DA:7,8
DA:8,8
DA:15,2
DA:17,4
DA:18,4
DA:19,4
DA:26,2
DA:27,0
DA:28,0
DA:29,0
DA:30,0
DA:37,2
DA:39,4
DA:40,4
DA:41,4
DA:48,2
DA:50,0
DA:51,0
DA:52,0
LF:22
LH:15
BRF:0
BRH:0
end_of_record
TN:
SF:src/domain/models/PostalCode.ts
FN:21,(anonymous_0)
FN:35,(anonymous_1)
FN:47,(anonymous_2)
FN:50,(anonymous_3)
FN:56,(anonymous_4)
FN:70,(anonymous_5)
FN:77,(anonymous_6)
FN:84,(anonymous_7)
FN:91,(anonymous_8)
FNF:9
FNH:9
FNDA:8,(anonymous_0)
FNDA:8,(anonymous_1)
FNDA:5,(anonymous_2)
FNDA:6,(anonymous_3)
FNDA:4,(anonymous_4)
FNDA:5,(anonymous_5)
FNDA:4,(anonymous_6)
FNDA:1,(anonymous_7)
FNDA:10,(anonymous_8)
DA:10,2
DA:22,8
DA:23,8
DA:24,8
DA:25,8
DA:26,8
DA:27,8
DA:28,8
DA:29,8
DA:30,8
DA:32,8
DA:36,8
DA:37,1
DA:39,7
DA:40,1
DA:48,5
DA:49,5
DA:50,6
DA:57,4
DA:58,4
DA:71,5
DA:78,4
DA:85,1
DA:92,10
LF:24
LH:24
BRDA:36,0,0,1
BRDA:36,0,1,7
BRDA:36,1,0,8
BRDA:36,1,1,8
BRDA:39,2,0,1
BRDA:39,2,1,6
BRDA:39,3,0,7
BRDA:39,3,1,7
BRDA:39,3,2,7
BRDA:39,3,3,7
BRDA:48,4,0,0
BRDA:48,4,1,5
BRDA:59,5,0,4
BRDA:59,5,1,3
BRDA:59,5,2,3
BRDA:59,5,3,2
BRDA:59,5,4,2
BRF:17
BRH:16
end_of_record
TN:
SF:src/domain/services/PostalCodeMatcher.ts
FN:11,(anonymous_1)
FN:19,(anonymous_2)
FN:49,(anonymous_3)
FNF:3
FNH:3
FNDA:5,(anonymous_1)
FNDA:10,(anonymous_2)
FNDA:3,(anonymous_3)
DA:1,1
DA:7,1
DA:16,5
DA:19,4
DA:20,10
DA:23,4
DA:26,3
DA:35,3
DA:36,3
DA:38,3
DA:39,2
DA:43,1
DA:44,1
DA:45,0
DA:49,1
DA:50,3
LF:16
LH:15
BRDA:16,0,0,1
BRDA:16,0,1,4
BRDA:16,1,0,5
BRDA:16,1,1,5
BRDA:20,2,0,10
BRDA:20,2,1,1
BRDA:23,3,0,1
BRDA:23,3,1,3
BRDA:38,4,0,2
BRDA:38,4,1,1
BRDA:44,5,0,0
BRDA:44,5,1,1
BRDA:49,6,0,1
BRDA:49,6,1,1
BRDA:50,7,0,3
BRDA:50,7,1,3
BRDA:50,7,2,0
BRDA:50,7,3,0
BRF:18
BRH:15
end_of_record
TN:
SF:src/infrastructure/parsers/HtmlParser.ts
FN:16,parsePostalCodeTable
FN:33,(anonymous_10)
FNF:2
FNH:2
FNDA:7,parsePostalCodeTable
FNDA:3,(anonymous_10)
DA:1,1
DA:2,1
DA:16,1
DA:17,7
DA:18,2
DA:21,5
DA:22,5
DA:23,5
DA:26,5
DA:27,5
DA:28,2
DA:31,3
DA:33,3
DA:34,3
DA:35,3
DA:36,2
DA:47,3
DA:49,2
DA:50,0
LF:19
LH:18
BRDA:17,0,0,2
BRDA:17,0,1,5
BRDA:27,1,0,2
BRDA:27,1,1,3
BRDA:27,2,0,5
BRDA:27,2,1,3
BRDA:35,3,0,2
BRDA:35,3,1,1
BRDA:49,4,0,2
BRDA:49,4,1,0
BRDA:50,5,0,0
BRDA:50,5,1,0
BRF:12
BRH:9
end_of_record
